<?xml version="1.0" encoding="UTF-8"?>
<!-- Generated by org.testng.reporters.JUnitXMLReporter -->
<testsuite ignored="2" hostname="LAPTOP-3TR6LPOF" failures="0" tests="3" name="Test-2" time="40.577" errors="0" timestamp="18 Apr 2025 09:49:54 GMT">
  <testcase classname="com.comcast.crm.vtigerapplicationtest.Leads_Test" name="createLeads_Test" time="10.231"/>
  <testcase classname="com.comcast.crm.vtigerapplicationtest.PriceBook_Test" name="createAndSeachPriceBook_Test" time="12.734"/>
  <testcase classname="com.comcast.crm.vtigerapplicationtest.PriceBook_Test" name="createPriceBook_Test" time="6.862"/>
  <testcase classname="com.comcast.crm.generic.baseclassutility.BaseClass" name="@BeforeSuite configBS" time="0.0">
    <ignored/>
  </testcase> <!-- @BeforeSuite configBS -->
  <testcase classname="com.comcast.crm.generic.baseclassutility.BaseClass" name="@AfterSuite configAS" time="0.0">
    <ignored/>
  </testcase> <!-- @AfterSuite configAS -->
</testsuite> <!-- Test-2 -->
