<?xml version="1.0" encoding="UTF-8"?>
<!-- Generated by org.testng.reporters.JUnitXMLReporter -->
<testsuite ignored="2" hostname="LAPTOP-3TR6LPOF" failures="0" tests="6" name="Test-1" time="82.038" errors="0" timestamp="18 Apr 2025 09:50:35 GMT">
  <testcase classname="com.comcast.crm.vtigerapplicationtest.Contact_Test" name="createContactWithOrg_Test" time="18.527"/>
  <testcase classname="com.comcast.crm.vtigerapplicationtest.Contact_Test" name="createContactWithSupportDate_Test" time="8.655"/>
  <testcase classname="com.comcast.crm.vtigerapplicationtest.Contact_Test" name="createContact_Test" time="7.483"/>
  <testcase classname="com.comcast.crm.vtigerapplicationtest.Organization_Test" name="createOrgWithIndustry_Test" time="9.602"/>
  <testcase classname="com.comcast.crm.vtigerapplicationtest.Organization_Test" name="createOrgWithPhNumber_Test" time="7.549"/>
  <testcase classname="com.comcast.crm.vtigerapplicationtest.Organization_Test" name="createorg_Test" time="7.813"/>
  <testcase classname="com.comcast.crm.generic.baseclassutility.BaseClass" name="@BeforeSuite configBS" time="0.0">
    <ignored/>
  </testcase> <!-- @BeforeSuite configBS -->
  <testcase classname="com.comcast.crm.generic.baseclassutility.BaseClass" name="@AfterSuite configAS" time="0.0">
    <ignored/>
  </testcase> <!-- @AfterSuite configAS -->
</testsuite> <!-- Test-1 -->
