<?xml version="1.0" encoding="UTF-8"?>
<!-- Generated by org.testng.reporters.JUnitReportReporter -->
<testsuite hostname="LAPTOP-3TR6LPOF" failures="0" tests="2" name="com.comcast.crm.vtigerapplicationtest.Product_Test" time="29.286" errors="0" timestamp="09 May 2025 09:40:54 GMT" skipped="0">
  <testcase classname="com.comcast.crm.vtigerapplicationtest.Product_Test" name="craeteProduct_Test" time="11.753"/>
  <testcase classname="com.comcast.crm.vtigerapplicationtest.Product_Test" name="createProductWithVendors_Test" time="17.533"/>
</testsuite> <!-- com.comcast.crm.vtigerapplicationtest.Product_Test -->
