<?xml version="1.0" encoding="UTF-8"?>
<!-- Generated by org.testng.reporters.JUnitReportReporter -->
<testsuite hostname="LAPTOP-3TR6LPOF" failures="0" tests="2" name="com.comcast.crm.vtigerapplicationtest.Product_Test" time="28.552" errors="0" timestamp="13 May 2025 04:52:34 GMT" skipped="0">
  <testcase classname="com.comcast.crm.vtigerapplicationtest.Product_Test" name="createProductWithVendors_Test" time="15.515"/>
  <testcase classname="com.comcast.crm.vtigerapplicationtest.Product_Test" name="craeteProduct_Test" time="13.037"/>
</testsuite> <!-- com.comcast.crm.vtigerapplicationtest.Product_Test -->
