<?xml version="1.0" encoding="UTF-8"?>
<!-- Generated by org.testng.reporters.JUnitReportReporter -->
<testsuite hostname="LAPTOP-3TR6LPOF" failures="0" tests="1" name="com.comcast.crm.vtigerapplicationtest.PriceBook_Test" time="13.766" errors="0" timestamp="09 May 2025 09:45:44 GMT" skipped="0">
  <testcase classname="com.comcast.crm.vtigerapplicationtest.PriceBook_Test" name="createAndSeachPriceBook_Test" time="13.766"/>
</testsuite> <!-- com.comcast.crm.vtigerapplicationtest.PriceBook_Test -->
