<?xml version="1.0" encoding="UTF-8"?>
<!-- Generated by org.testng.reporters.JUnitReportReporter -->
<testsuite hostname="LAPTOP-3TR6LPOF" failures="0" tests="3" name="com.comcast.crm.vtigerapplicationtest.Organization_Test" time="34.906" errors="0" timestamp="09 May 2025 09:40:54 GMT" skipped="0">
  <testcase classname="com.comcast.crm.vtigerapplicationtest.Organization_Test" name="createOrgWithIndustry_Test" time="13.391"/>
  <testcase classname="com.comcast.crm.vtigerapplicationtest.Organization_Test" name="createOrgWithPhNumber_Test" time="10.123"/>
  <testcase classname="com.comcast.crm.vtigerapplicationtest.Organization_Test" name="createorg_Test" time="11.392"/>
</testsuite> <!-- com.comcast.crm.vtigerapplicationtest.Organization_Test -->
