<?xml version="1.0" encoding="UTF-8"?>
<!-- Generated by org.testng.reporters.JUnitReportReporter -->
<testsuite hostname="LAPTOP-3TR6LPOF" failures="0" tests="1" name="com.comcast.crm.vtigerapplicationtest.Leads_Test" time="11.793" errors="0" timestamp="09 May 2025 09:40:54 GMT" skipped="0">
  <testcase classname="com.comcast.crm.vtigerapplicationtest.Leads_Test" name="createLeads_Test" time="11.793"/>
</testsuite> <!-- com.comcast.crm.vtigerapplicationtest.Leads_Test -->
