<?xml version="1.0" encoding="UTF-8"?>
<!-- Generated by org.testng.reporters.JUnitReportReporter -->
<testsuite hostname="LAPTOP-3TR6LPOF" failures="0" tests="3" name="com.comcast.crm.vtigerapplicationtest.Contact_Test" time="44.155" errors="0" timestamp="09 May 2025 09:40:54 GMT" skipped="0">
  <testcase classname="com.comcast.crm.vtigerapplicationtest.Contact_Test" name="createContactWithOrg_Test" time="22.391"/>
  <testcase classname="com.comcast.crm.vtigerapplicationtest.Contact_Test" name="createContact_Test" time="10.734"/>
  <testcase classname="com.comcast.crm.vtigerapplicationtest.Contact_Test" name="createContactWithSupportDate_Test" time="11.030"/>
</testsuite> <!-- com.comcast.crm.vtigerapplicationtest.Contact_Test -->
